++++++++++++++++++++++++++++++++++++++++++++++++++
+ Z88INP.EXE                                      
+ Jan 20 2020 12:26:30                        
++++++++++++++++++++++++++++++++++++++++++++++++++
+ English
+ Z88AuroraV2.0
+ C:\Z88ArionV3\win\system
+ KEYWORDS ABAQUS
+ END_PART: *End Part
+ END_STEP: *End Step
+ NODE:     *Node
+ ELEMENT:  *Element
+ TET4:     C3D4
+ TET10:    C3D10
+ HEX8:     C3D8
+ HEX20:    C3D20
+ BOUNDARY: *Boundary
+ CLOAD:    *Cload
+ PRESS:    *Dsload
+ FIX123:   PINNED
+ NSET:     *Nset
+ ELSET:    *Elset
+ SSET:     *Surface
+ SURF1:    S1
+ SURF2:    S2
+ SURF3:    S3
+ SURF4:    S4
+ SURF5:    S5
+ SURF6:    S6
++++++++++++++++++++++++++++++++++++++++++++++++++
+ Programmlaufzeit: 5.900000e-02 sec
++++++++++++++++++++++++++++++++++++++++++++++++++
